CRITICAL - 2022-04-15 03:50:55 -->  route cannot be found while reverse-routing.
#0 C:\laragon\www\ci4\system\HTTP\RedirectResponse.php(56): CodeIgniter\HTTP\Exceptions\HTTPException::forInvalidRedirectRoute('')
#1 C:\laragon\www\ci4\system\Common.php(832): CodeIgniter\HTTP\RedirectResponse->route(false)
#2 C:\laragon\www\ci4\app\Views\home.php(61): redirect('s')
#3 C:\laragon\www\ci4\system\View\View.php(210): include('C:\\laragon\\www\\...')
#4 C:\laragon\www\ci4\system\View\View.php(213): CodeIgniter\View\View->CodeIgniter\View\{closure}()
#5 C:\laragon\www\ci4\system\Common.php(1089): CodeIgniter\View\View->render('home', Array, true)
#6 C:\laragon\www\ci4\app\Controllers\Home.php(9): view('home')
#7 C:\laragon\www\ci4\system\CodeIgniter.php(832): App\Controllers\Home->index()
#8 C:\laragon\www\ci4\system\CodeIgniter.php(419): CodeIgniter\CodeIgniter->runController(Object(App\Controllers\Home))
#9 C:\laragon\www\ci4\system\CodeIgniter.php(326): CodeIgniter\CodeIgniter->handleRequest(NULL, Object(Config\Cache), false)
#10 C:\laragon\www\ci4\public\index.php(37): CodeIgniter\CodeIgniter->run()
#11 C:\laragon\www\ci4\system\Commands\Server\rewrite.php(43): require_once('C:\\laragon\\www\\...')
#12 {main}
CRITICAL - 2022-04-15 05:27:59 --> Use of undefined constant base_url - assumed 'base_url' (this will throw an Error in a future version of PHP)
#0 C:\laragon\www\ci4\app\Views\home.php(234): CodeIgniter\Debug\Exceptions->errorHandler(2, 'Use of undefine...', 'C:\\laragon\\www\\...', 234, Array)
#1 C:\laragon\www\ci4\system\View\View.php(210): include('C:\\laragon\\www\\...')
#2 C:\laragon\www\ci4\system\View\View.php(213): CodeIgniter\View\View->CodeIgniter\View\{closure}()
#3 C:\laragon\www\ci4\system\Common.php(1089): CodeIgniter\View\View->render('home', Array, true)
#4 C:\laragon\www\ci4\app\Controllers\Home.php(9): view('home')
#5 C:\laragon\www\ci4\system\CodeIgniter.php(832): App\Controllers\Home->index()
#6 C:\laragon\www\ci4\system\CodeIgniter.php(419): CodeIgniter\CodeIgniter->runController(Object(App\Controllers\Home))
#7 C:\laragon\www\ci4\system\CodeIgniter.php(326): CodeIgniter\CodeIgniter->handleRequest(NULL, Object(Config\Cache), false)
#8 C:\laragon\www\ci4\public\index.php(37): CodeIgniter\CodeIgniter->run()
#9 C:\laragon\www\ci4\system\Commands\Server\rewrite.php(43): require_once('C:\\laragon\\www\\...')
#10 {main}
CRITICAL - 2022-04-15 05:52:08 --> Use of undefined constant s - assumed 's' (this will throw an Error in a future version of PHP)
#0 C:\laragon\www\ci4\app\Views\home.php(299): CodeIgniter\Debug\Exceptions->errorHandler(2, 'Use of undefine...', 'C:\\laragon\\www\\...', 299, Array)
#1 C:\laragon\www\ci4\system\View\View.php(210): include('C:\\laragon\\www\\...')
#2 C:\laragon\www\ci4\system\View\View.php(213): CodeIgniter\View\View->CodeIgniter\View\{closure}()
#3 C:\laragon\www\ci4\system\Common.php(1089): CodeIgniter\View\View->render('home', Array, true)
#4 C:\laragon\www\ci4\app\Controllers\Home.php(9): view('home')
#5 C:\laragon\www\ci4\system\CodeIgniter.php(832): App\Controllers\Home->index()
#6 C:\laragon\www\ci4\system\CodeIgniter.php(419): CodeIgniter\CodeIgniter->runController(Object(App\Controllers\Home))
#7 C:\laragon\www\ci4\system\CodeIgniter.php(326): CodeIgniter\CodeIgniter->handleRequest(NULL, Object(Config\Cache), false)
#8 C:\laragon\www\ci4\public\index.php(37): CodeIgniter\CodeIgniter->run()
#9 C:\laragon\www\ci4\system\Commands\Server\rewrite.php(43): require_once('C:\\laragon\\www\\...')
#10 {main}
